1643982269422	geckodriver	INFO	Listening on 127.0.0.1:51757
1643982272478	mozrunner::runner	INFO	Running command: "C:\\Program Files\\Mozilla Firefox\\firefox.exe" "--marionette" "-foreground" "-no-remote" "-profile" "C:\\Users\\VIDYAS~1\\AppData\\Local\\Temp\\rust_mozprofileVZ8MLJ"
1643982272922	Marionette	INFO	Marionette enabled
console.warn: SearchSettings: "get: No settings file exists, new profile?" (new NotFoundError("Could not open the file at C:\\Users\\VidyashreeR\\AppData\\Local\\Temp\\rust_mozprofileVZ8MLJ\\search.json.mozlz4", (void 0)))
1643982275826	Marionette	INFO	Listening on port 51765
1643982276210	RemoteAgent	WARN	TLS certificate errors will be ignored for this session
JavaScript warning: http://mmedev-teacher.devthing.org/js/app/config/teacher_desktop_init.min.js?vRelease-97011, line 99: Using //@ to indicate sourceURL pragmas is deprecated. Use //# instead
JavaScript warning: http://mmedev-teacher.devthing.org/js/app/config/teacher_desktop_init.min.js?vRelease-97011, line 9: Using //@ to indicate sourceURL pragmas is deprecated. Use //# instead
1643982279022	Marionette	INFO	Stopped listening on port 51765
console.warn: TopSitesFeed: Failed to fetch data from Contile server: NetworkError when attempting to fetch resource.
Marionette threw an error: NotFoundError: WindowGlobalParent.getActor: No such JSWindowActor 'MarionetteCommands'
getMarionetteCommandsActorProxy/get/<@chrome://remote/content/marionette/actors/MarionetteCommandsParent.jsm:332:65
unregisterCommandsActor@chrome://remote/content/marionette/actors/MarionetteCommandsParent.jsm:396:15
GeckoDriver.prototype.deleteSession@chrome://remote/content/marionette/driver.js:2189:3
onClosed@chrome://remote/content/marionette/server.js:209:17
close@chrome://remote/content/marionette/transport.js:221:18
onInputStreamReady@chrome://remote/content/marionette/transport.js:375:14

JavaScript error: chrome://remote/content/marionette/cert.js, line 55: NS_ERROR_NOT_AVAILABLE: Component returned failure code: 0x80040111 (NS_ERROR_NOT_AVAILABLE) [nsICertOverrideService.setDisableAllSecurityChecksAndLetAttackersInterceptMyData]
JavaScript error: chrome://remote/content/marionette/driver.js, line 2182: NS_ERROR_ILLEGAL_VALUE: Component returned failure code: 0x80070057 (NS_ERROR_ILLEGAL_VALUE) [nsIObserverService.removeObserver]
JavaScript error: resource://gre/modules/Sqlite.jsm, line 1105: Error: Sqlite.jsm has been shutdown. Cannot open connection to: C:\Users\VidyashreeR\AppData\Local\Temp\rust_mozprofileVZ8MLJ\protections.sqlite
